<?xml version="1.0" encoding="UTF-8"?>
<!-- Generated by org.testng.reporters.JUnitXMLReporter -->
<testsuite ignored="0" hostname="WKWZTM099vIwucL" failures="0" tests="23" name="Test" time="120.337" errors="0" timestamp="2022-11-24T08:42:42 IST">
  <testcase classname="day3.LoginTest" name="verifyForgetPassword" time="0.045"/>
  <testcase classname="day3.LoginTest" name="verifySocialMediaCount" time="0.042"/>
  <testcase classname="day3.LoginTest" name="verifyTitle" time="0.011"/>
  <testcase classname="day3.LoginTest" name="verifyUrl" time="0.014"/>
  <testcase classname="day1.Orange" name="test4" time="30.228"/>
  <testcase classname="day2.HandleAutoSuggestion" name="test7" time="11.041"/>
  <testcase classname="day2.HandleDynamicElements" name="google" time="15.569"/>
  <testcase classname="day2.Calender" name="test6" time="8.032"/>
  <testcase classname="day3.TestNG1" name="createAccount" time="0.003"/>
  <testcase classname="day3.TestNG1" name="deleteAccount" time="0.002"/>
  <testcase classname="day3.TestNG1" name="logoutAccount" time="0.008"/>
  <testcase classname="day3.TestNG1" name="login" time="0.003"/>
  <testcase classname="day1.Facebook" name="xtest" time="7.028"/>
  <testcase classname="day3.AssertionDemo" name="test1" time="0.002"/>
  <testcase classname="day3.AssertionDemo" name="test2" time="0.001"/>
  <testcase classname="day3.AssertionDemo" name="test3" time="0.0"/>
  <testcase classname="day1.MyFirstSeleniumScript3" name="test2" time="3.689"/>
  <testcase classname="Day4.testData" name="testdata" time="1.589"/>
  <testcase classname="day1.MyFirstSeleniumScript" name="test" time="7.976"/>
  <testcase classname="day3.LoginVerification" name="emptyUsernamePassword" time="0.274"/>
  <testcase classname="day3.LoginVerification" name="emptyPassword" time="0.434"/>
  <testcase classname="day3.LoginVerification" name="emptyUsername" time="0.343"/>
  <testcase classname="day3.LoginVerification" name="invalidCredintial" time="0.965"/>
</testsuite> <!-- Test -->
