<?xml version="1.0" encoding="UTF-8"?>
<!-- Generated by org.testng.reporters.JUnitXMLReporter -->
<testsuite ignored="0" hostname="WKWZTM099vIwucL" failures="0" tests="16" name="Command line test" time="187.987" errors="0" timestamp="2022-11-23T21:28:38 IST">
  <testcase classname="day3.LoginTest" name="verifyForgetPassword" time="0.058"/>
  <testcase classname="day3.LoginTest" name="verifySocialMediaCount" time="0.022"/>
  <testcase classname="day3.LoginTest" name="verifyTitle" time="0.008"/>
  <testcase classname="day3.LoginTest" name="verifyUrl" time="0.008"/>
  <testcase classname="day3.TestNG1" name="createAccount" time="0.0"/>
  <testcase classname="day3.TestNG1" name="deleteAccount" time="0.0"/>
  <testcase classname="day3.TestNG1" name="logoutAccount" time="0.0"/>
  <testcase classname="day3.TestNG1" name="login" time="0.0"/>
  <testcase classname="day3old.LoginTest" name="Invalidpassuser" time="1.899"/>
  <testcase classname="day3old.LoginTest" name="invalidpass" time="4.346"/>
  <testcase classname="day3old.LoginTest" name="invaliduser" time="3.776"/>
  <testcase classname="day3old.LoginTest" name="validuserpass" time="9.082"/>
  <testcase classname="day3old.TestNG1" name="createAccount" time="0.001"/>
  <testcase classname="day3old.TestNG1" name="deleteAccount" time="0.0"/>
  <testcase classname="day3old.TestNG1" name="logoutAccount" time="0.0"/>
  <testcase classname="day3old.TestNG1" name="login" time="0.0"/>
</testsuite> <!-- Command line test -->
