<?xml version="1.0" encoding="UTF-8" ?>
<testsuite tests="16" failures="0" name="TestSuite" time="19.212" errors="0" skipped="0">
  <properties>
[...]
</properties>
  <testcase classname="day3.LoginTest" name="verifyForgetPassword" time="0.061"/>
  <testcase classname="day3.LoginTest" name="verifySocialMediaCount" time="0.021"/>
  <testcase classname="day3.LoginTest" name="verifyTitle" time="0.008"/>
  <testcase classname="day3.LoginTest" name="verifyUrl" time="0.008"/>
  <testcase classname="day3.TestNG1" name="createAccount" time="0.001"/>
  <testcase classname="day3.TestNG1" name="deleteAccount" time="0.002"/>
  <testcase classname="day3.TestNG1" name="logoutAccount" time="0.002"/>
  <testcase classname="day3.TestNG1" name="login" time="0"/>
  <testcase classname="day3old.LoginTest" name="Invalidpassuser" time="1.898"/>
  <testcase classname="day3old.LoginTest" name="invalidpass" time="4.346"/>
  <testcase classname="day3old.LoginTest" name="invaliduser" time="3.776"/>
  <testcase classname="day3old.LoginTest" name="validuserpass" time="9.081"/>
  <testcase classname="day3old.TestNG1" name="createAccount" time="0.005"/>
  <testcase classname="day3old.TestNG1" name="deleteAccount" time="0"/>
  <testcase classname="day3old.TestNG1" name="logoutAccount" time="0.001"/>
  <testcase classname="day3old.TestNG1" name="login" time="0.002"/>
</testsuite>